2021-10-01 12:52:46,475 INFO uvicorn.error MainThread : Started server process [3554]
2021-10-01 12:52:46,476 INFO uvicorn.error MainThread : Waiting for application startup.
2021-10-01 12:52:46,476 INFO uvicorn.error MainThread : Application startup complete.
2021-10-01 12:52:46,477 INFO uvicorn.error MainThread : Uvicorn running on http://0.0.0.0:6000 (Press CTRL+C to quit)
2021-10-01 12:52:51,304 ERROR uvicorn.error MainThread : Exception in ASGI application
Traceback (most recent call last):
  File "/home/duyhung/LVTN/lib/python3.6/site-packages/uvicorn/protocols/http/h11_impl.py", line 373, in run_asgi
    result = await app(self.scope, self.receive, self.send)
  File "/home/duyhung/LVTN/lib/python3.6/site-packages/uvicorn/middleware/proxy_headers.py", line 75, in __call__
    return await self.app(scope, receive, send)
  File "/home/duyhung/LVTN/lib/python3.6/site-packages/uvicorn/middleware/debug.py", line 96, in __call__
    raise exc from None
  File "/home/duyhung/LVTN/lib/python3.6/site-packages/uvicorn/middleware/debug.py", line 93, in __call__
    await self.app(scope, receive, inner_send)
  File "/home/duyhung/LVTN/lib/python3.6/site-packages/fastapi/applications.py", line 210, in __call__
    await super().__call__(scope, receive, send)  # pragma: no cover
  File "/home/duyhung/LVTN/lib/python3.6/site-packages/starlette/applications.py", line 112, in __call__
    await self.middleware_stack(scope, receive, send)
  File "/home/duyhung/LVTN/lib/python3.6/site-packages/starlette/middleware/errors.py", line 181, in __call__
    raise exc from None
  File "/home/duyhung/LVTN/lib/python3.6/site-packages/starlette/middleware/errors.py", line 159, in __call__
    await self.app(scope, receive, _send)
  File "/home/duyhung/LVTN/lib/python3.6/site-packages/starlette/exceptions.py", line 82, in __call__
    raise exc from None
  File "/home/duyhung/LVTN/lib/python3.6/site-packages/starlette/exceptions.py", line 71, in __call__
    await self.app(scope, receive, sender)
  File "/home/duyhung/LVTN/lib/python3.6/site-packages/starlette/routing.py", line 580, in __call__
    await route.handle(scope, receive, send)
  File "/home/duyhung/LVTN/lib/python3.6/site-packages/starlette/routing.py", line 241, in handle
    await self.app(scope, receive, send)
  File "/home/duyhung/LVTN/lib/python3.6/site-packages/starlette/routing.py", line 52, in app
    response = await func(request)
  File "/home/duyhung/LVTN/lib/python3.6/site-packages/fastapi/routing.py", line 227, in app
    dependant=dependant, values=values, is_coroutine=is_coroutine
  File "/home/duyhung/LVTN/lib/python3.6/site-packages/fastapi/routing.py", line 159, in run_endpoint_function
    return await dependant.call(**values)
  File "app.py", line 30, in api_skin_detection
    result = skin_detection(json_param)
  File "/home/duyhung/Documents/skin-cancer-detection-BE/backend/api/api_skin_detection.py", line 47, in skin_detection
    image.show()
AttributeError: 'numpy.ndarray' object has no attribute 'show'
2021-10-01 12:54:10,199 INFO uvicorn.error MainThread : Shutting down
2021-10-01 12:54:10,300 INFO uvicorn.error MainThread : Waiting for application shutdown.
2021-10-01 12:54:10,301 INFO uvicorn.error MainThread : Application shutdown complete.
2021-10-01 12:54:10,301 INFO uvicorn.error MainThread : Finished server process [3554]
2021-10-01 12:56:13,727 INFO uvicorn.error MainThread : Started server process [4151]
2021-10-01 12:56:13,729 INFO uvicorn.error MainThread : Waiting for application startup.
2021-10-01 12:56:13,730 INFO uvicorn.error MainThread : Application startup complete.
2021-10-01 12:56:13,730 INFO uvicorn.error MainThread : Uvicorn running on http://0.0.0.0:6000 (Press CTRL+C to quit)
2021-10-01 13:00:22,456 INFO uvicorn.error MainThread : Shutting down
2021-10-01 13:00:22,559 INFO uvicorn.error MainThread : Waiting for application shutdown.
2021-10-01 13:00:22,559 INFO uvicorn.error MainThread : Application shutdown complete.
2021-10-01 13:00:22,559 INFO uvicorn.error MainThread : Finished server process [4151]
2021-10-01 13:01:03,491 INFO uvicorn.error MainThread : Started server process [4518]
2021-10-01 13:01:03,491 INFO uvicorn.error MainThread : Waiting for application startup.
2021-10-01 13:01:03,492 INFO uvicorn.error MainThread : Application startup complete.
2021-10-01 13:01:03,492 INFO uvicorn.error MainThread : Uvicorn running on http://0.0.0.0:6000 (Press CTRL+C to quit)
